Determining if the pthread_create exist failed with the following output:
Change Dir: /home/bit202/文档/PCL_tutorial/18_特征_PCL中3D特征如何运行/normal_estimation3/build/CMakeFiles/CMakeTmp

Run Build Command:"/usr/bin/make" "cmTC_fcb63/fast"
/usr/bin/make -f CMakeFiles/cmTC_fcb63.dir/build.make CMakeFiles/cmTC_fcb63.dir/build
make[1]: Entering directory '/home/bit202/文档/PCL_tutorial/18_特征_PCL中3D特征如何运行/normal_estimation3/build/CMakeFiles/CMakeTmp'
Building C object CMakeFiles/cmTC_fcb63.dir/CheckSymbolExists.c.o
/usr/bin/cc     -o CMakeFiles/cmTC_fcb63.dir/CheckSymbolExists.c.o   -c /home/bit202/文档/PCL_tutorial/18_特征_PCL中3D特征如何运行/normal_estimation3/build/CMakeFiles/CMakeTmp/CheckSymbolExists.c
Linking C executable cmTC_fcb63
/usr/bin/cmake -E cmake_link_script CMakeFiles/cmTC_fcb63.dir/link.txt --verbose=1
/usr/bin/cc       CMakeFiles/cmTC_fcb63.dir/CheckSymbolExists.c.o  -o cmTC_fcb63 -rdynamic 
CMakeFiles/cmTC_fcb63.dir/CheckSymbolExists.c.o：在函数‘main’中：
CheckSymbolExists.c:(.text+0x16)：对‘pthread_create’未定义的引用
collect2: error: ld returned 1 exit status
CMakeFiles/cmTC_fcb63.dir/build.make:97: recipe for target 'cmTC_fcb63' failed
make[1]: *** [cmTC_fcb63] Error 1
make[1]: Leaving directory '/home/bit202/文档/PCL_tutorial/18_特征_PCL中3D特征如何运行/normal_estimation3/build/CMakeFiles/CMakeTmp'
Makefile:126: recipe for target 'cmTC_fcb63/fast' failed
make: *** [cmTC_fcb63/fast] Error 2

File /home/bit202/文档/PCL_tutorial/18_特征_PCL中3D特征如何运行/normal_estimation3/build/CMakeFiles/CMakeTmp/CheckSymbolExists.c:
/* */
#include <pthread.h>

int main(int argc, char** argv)
{
  (void)argv;
#ifndef pthread_create
  return ((int*)(&pthread_create))[argc];
#else
  (void)argc;
  return 0;
#endif
}

Determining if the function pthread_create exists in the pthreads failed with the following output:
Change Dir: /home/bit202/文档/PCL_tutorial/18_特征_PCL中3D特征如何运行/normal_estimation3/build/CMakeFiles/CMakeTmp

Run Build Command:"/usr/bin/make" "cmTC_e577a/fast"
/usr/bin/make -f CMakeFiles/cmTC_e577a.dir/build.make CMakeFiles/cmTC_e577a.dir/build
make[1]: Entering directory '/home/bit202/文档/PCL_tutorial/18_特征_PCL中3D特征如何运行/normal_estimation3/build/CMakeFiles/CMakeTmp'
Building C object CMakeFiles/cmTC_e577a.dir/CheckFunctionExists.c.o
/usr/bin/cc    -DCHECK_FUNCTION_EXISTS=pthread_create   -o CMakeFiles/cmTC_e577a.dir/CheckFunctionExists.c.o   -c /usr/share/cmake-3.5/Modules/CheckFunctionExists.c
Linking C executable cmTC_e577a
/usr/bin/cmake -E cmake_link_script CMakeFiles/cmTC_e577a.dir/link.txt --verbose=1
/usr/bin/cc   -DCHECK_FUNCTION_EXISTS=pthread_create    CMakeFiles/cmTC_e577a.dir/CheckFunctionExists.c.o  -o cmTC_e577a -rdynamic -lpthreads 
/usr/bin/ld: 找不到 -lpthreads
collect2: error: ld returned 1 exit status
CMakeFiles/cmTC_e577a.dir/build.make:97: recipe for target 'cmTC_e577a' failed
make[1]: *** [cmTC_e577a] Error 1
make[1]: Leaving directory '/home/bit202/文档/PCL_tutorial/18_特征_PCL中3D特征如何运行/normal_estimation3/build/CMakeFiles/CMakeTmp'
Makefile:126: recipe for target 'cmTC_e577a/fast' failed
make: *** [cmTC_e577a/fast] Error 2


